<?xml version="1.0" encoding="UTF-8"?>
<testng-results ignored="0" total="6" passed="6" failed="0" skipped="0">
  <reporter-output>
  </reporter-output>
  <suite started-at="2025-12-31T19:48:18 IST" name="Default suite" finished-at="2025-12-31T19:48:49 IST" duration-ms="31394">
    <groups>
      <group name="cucumber">
        <method signature="AbstractTestNGCucumberTests.runScenario(io.cucumber.testng.PickleWrapper,io.cucumber.testng.FeatureWrapper)[pri:0, instance:testRunner.TestRunner@7e057f43]" name="runScenario" class="io.cucumber.testng.AbstractTestNGCucumberTests"/>
      </group> <!-- cucumber -->
    </groups>
    <test started-at="2025-12-31T19:48:18 IST" name="Default test" finished-at="2025-12-31T19:48:49 IST" duration-ms="31394">
      <class name="testRunner.TestRunner">
        <test-method is-config="true" signature="setUpClass(org.testng.ITestContext)[pri:0, instance:testRunner.TestRunner@7e057f43]" started-at="2025-12-31T19:48:18 IST" name="setUpClass" finished-at="2025-12-31T19:48:19 IST" duration-ms="1093" status="PASS">
          <params>
            <param index="0">
              <value>
                <![CDATA[org.testng.TestRunner@4821aa9f]]>
              </value>
            </param>
          </params>
          <reporter-output>
          </reporter-output>
        </test-method> <!-- setUpClass -->
        <test-method signature="runScenario(io.cucumber.testng.PickleWrapper,io.cucumber.testng.FeatureWrapper)[pri:0, instance:testRunner.TestRunner@7e057f43]" started-at="2025-12-31T19:48:19 IST" name="runScenario" description="Runs Cucumber Scenarios" data-provider="scenarios" finished-at="2025-12-31T19:48:44 IST" duration-ms="25319" status="PASS">
          <params>
            <param index="0">
              <value>
                <![CDATA["login with valid and Invalid inputs"]]>
              </value>
            </param>
            <param index="1">
              <value>
                <![CDATA["Login Fuctionality"]]>
              </value>
            </param>
          </params>
          <reporter-output>
          </reporter-output>
        </test-method> <!-- runScenario -->
        <test-method signature="runScenario(io.cucumber.testng.PickleWrapper,io.cucumber.testng.FeatureWrapper)[pri:0, instance:testRunner.TestRunner@7e057f43]" started-at="2025-12-31T19:48:19 IST" name="runScenario" description="Runs Cucumber Scenarios" data-provider="scenarios" finished-at="2025-12-31T19:48:44 IST" duration-ms="25481" status="PASS">
          <params>
            <param index="0">
              <value>
                <![CDATA["Login with Valid credientals"]]>
              </value>
            </param>
            <param index="1">
              <value>
                <![CDATA["Login Fuctionality"]]>
              </value>
            </param>
          </params>
          <reporter-output>
          </reporter-output>
        </test-method> <!-- runScenario -->
        <test-method signature="runScenario(io.cucumber.testng.PickleWrapper,io.cucumber.testng.FeatureWrapper)[pri:0, instance:testRunner.TestRunner@7e057f43]" started-at="2025-12-31T19:48:19 IST" name="runScenario" description="Runs Cucumber Scenarios" data-provider="scenarios" finished-at="2025-12-31T19:48:44 IST" duration-ms="25192" status="PASS">
          <params>
            <param index="0">
              <value>
                <![CDATA["Single Row Key Value"]]>
              </value>
            </param>
            <param index="1">
              <value>
                <![CDATA["Login Fuctionality"]]>
              </value>
            </param>
          </params>
          <reporter-output>
          </reporter-output>
        </test-method> <!-- runScenario -->
        <test-method signature="runScenario(io.cucumber.testng.PickleWrapper,io.cucumber.testng.FeatureWrapper)[pri:0, instance:testRunner.TestRunner@7e057f43]" started-at="2025-12-31T19:48:19 IST" name="runScenario" description="Runs Cucumber Scenarios" data-provider="scenarios" finished-at="2025-12-31T19:48:44 IST" duration-ms="25313" status="PASS">
          <params>
            <param index="0">
              <value>
                <![CDATA["login with valid and Invalid inputs"]]>
              </value>
            </param>
            <param index="1">
              <value>
                <![CDATA["Login Fuctionality"]]>
              </value>
            </param>
          </params>
          <reporter-output>
          </reporter-output>
        </test-method> <!-- runScenario -->
        <test-method signature="runScenario(io.cucumber.testng.PickleWrapper,io.cucumber.testng.FeatureWrapper)[pri:0, instance:testRunner.TestRunner@7e057f43]" started-at="2025-12-31T19:48:19 IST" name="runScenario" description="Runs Cucumber Scenarios" data-provider="scenarios" finished-at="2025-12-31T19:48:46 IST" duration-ms="26711" status="PASS">
          <params>
            <param index="0">
              <value>
                <![CDATA["Single column"]]>
              </value>
            </param>
            <param index="1">
              <value>
                <![CDATA["Login Fuctionality"]]>
              </value>
            </param>
          </params>
          <reporter-output>
          </reporter-output>
        </test-method> <!-- runScenario -->
        <test-method signature="runScenario(io.cucumber.testng.PickleWrapper,io.cucumber.testng.FeatureWrapper)[pri:0, instance:testRunner.TestRunner@7e057f43]" started-at="2025-12-31T19:48:19 IST" name="runScenario" description="Runs Cucumber Scenarios" data-provider="scenarios" finished-at="2025-12-31T19:48:46 IST" duration-ms="26654" status="PASS">
          <params>
            <param index="0">
              <value>
                <![CDATA["login with valid and Invalid inputs"]]>
              </value>
            </param>
            <param index="1">
              <value>
                <![CDATA["Login Fuctionality"]]>
              </value>
            </param>
          </params>
          <reporter-output>
          </reporter-output>
        </test-method> <!-- runScenario -->
        <test-method is-config="true" signature="tearDownClass()[pri:0, instance:testRunner.TestRunner@7e057f43]" started-at="2025-12-31T19:48:46 IST" name="tearDownClass" finished-at="2025-12-31T19:48:49 IST" duration-ms="3514" status="PASS">
          <reporter-output>
          </reporter-output>
        </test-method> <!-- tearDownClass -->
      </class> <!-- testRunner.TestRunner -->
    </test> <!-- Default test -->
  </suite> <!-- Default suite -->
</testng-results>
