<?xml version="1.0" encoding="UTF-8"?>
<!-- Generated by org.testng.reporters.JUnitReportReporter -->
<testsuite hostname="DESKTOP-VQ5QEI1" failures="0" tests="6" name="testRunner.TestRunner" time="154.670" errors="0" timestamp="2025-12-31T19:48:49 IST" skipped="0">
  <testcase classname="testRunner.TestRunner" name="runScenario" time="25.319"/>
  <testcase classname="testRunner.TestRunner" name="runScenario" time="25.481"/>
  <testcase classname="testRunner.TestRunner" name="runScenario" time="25.192"/>
  <testcase classname="testRunner.TestRunner" name="runScenario" time="25.313"/>
  <testcase classname="testRunner.TestRunner" name="runScenario" time="26.711"/>
  <testcase classname="testRunner.TestRunner" name="runScenario" time="26.654"/>
</testsuite> <!-- testRunner.TestRunner -->
